#
# A fatal error has been detected by the Java Runtime Environment:
#
#  EXCEPTION_UNCAUGHT_CXX_EXCEPTION (0xe06d7363) at pc=0x00007ffc7e184fd9, pid=6804, tid=0x0000000000003c60
#
# JRE version: Java(TM) SE Runtime Environment (8.0_291-b10) (build 1.8.0_291-b10)
# Java VM: Java HotSpot(TM) 64-Bit Server VM (25.291-b10 mixed mode windows-amd64 compressed oops)
# Problematic frame:
# C  [KERNELBASE.dll+0x34fd9]
#
# Failed to write core dump. Minidumps are not enabled by default on client versions of Windows
#
# If you would like to submit a bug report, please visit:
#   http://bugreport.java.com/bugreport/crash.jsp
# The crash happened outside the Java Virtual Machine in native code.
# See problematic frame for where to report the bug.
#

---------------  T H R E A D  ---------------

Current thread (0x000001c274b52800):  JavaThread "main" [_thread_in_native, id=15456, stack(0x0000006428000000,0x00000064281f0000)]

siginfo: ExceptionCode=0xe06d7363, ExceptionInformation=0x0000000019930520 0x00000064281e6510 0x00007ffc6e205cd8 0x00007ffc6e1a0000 

Registers:
RAX=0x000001c27c63d450, RBX=0x00007ffc6e205cd8, RCX=0x0000000000000000, RDX=0x000001c27c63d0d8
RSP=0x00000064281e6330, RBP=0x00000064281e6570, RSI=0x00000064281e6510, RDI=0x0000000019930520
R8 =0x000001c200012d78, R9 =0x00000000f93aa000, R10=0x00000000f93aab60, R11=0x0000000000000000
R12=0x000001c2777741c0, R13=0x00000064281e6660, R14=0x000001c2751db7f0, R15=0x0000000000000000
RIP=0x00007ffc7e184fd9, EFLAGS=0x0000000000000206

Top of Stack: (sp=0x00000064281e6330)
0x00000064281e6330:   000001c26f04bfe0 00007ffc6e205cd8
0x00000064281e6340:   00000064281e6510 00000064281e64a8
0x00000064281e6350:   00000001e06d7363 0000000000000000
0x00000064281e6360:   00007ffc7e184fd9 0000000000000004
0x00000064281e6370:   0000000019930520 00000064281e6510
0x00000064281e6380:   00007ffc6e205cd8 00007ffc6e1a0000
0x00000064281e6390:   00000064281e6660 000001c2777741c0
0x00000064281e63a0:   00000064281e6510 00000064281e6570
0x00000064281e63b0:   00000064281e6430 00007ffc80524a5f
0x00000064281e63c0:   0000000019930520 000001c200000000
0x00000064281e63d0:   0000000000000000 00007ffc6e1bba9a
0x00000064281e63e0:   00007ffc6e20d000 00007ffc6e1a0000
0x00000064281e63f0:   00002b9192f96027 0000000000000007
0x00000064281e6400:   00007ffc6e205cd8 00007ffc59676220
0x00000064281e6410:   000001c2750c3f98 000001c2765ea2c0
0x00000064281e6420:   00000064281e6510 00007ffc6e1b8290 

Instructions: (pc=0x00007ffc7e184fd9)
0x00007ffc7e184fb9:   8b d1 44 0f 47 c0 44 89 44 24 38 49 c1 e0 03 e8
0x00007ffc7e184fc9:   0a 1e 06 00 48 8d 4c 24 20 48 ff 15 27 e6 18 00
0x00007ffc7e184fd9:   0f 1f 44 00 00 48 8b 8c 24 c0 00 00 00 48 33 cc
0x00007ffc7e184fe9:   e8 52 96 05 00 48 81 c4 d8 00 00 00 c3 cc 83 64 


Register to memory mapping:

RAX=0x000001c27c63d450 is pointing into metadata
RBX=0x00007ffc6e205cd8 is an unknown value
RCX=0x0000000000000000 is an unknown value
RDX={method} {0x000001c27c63d0e0} 'assignMembers' '(JJJ[J[J)V' in 'org/jpype/manager/TypeFactoryNative'
RSP=0x00000064281e6330 is pointing into the stack for thread: 0x000001c274b52800
RBP=0x00000064281e6570 is pointing into the stack for thread: 0x000001c274b52800
RSI=0x00000064281e6510 is pointing into the stack for thread: 0x000001c274b52800
RDI=0x0000000019930520 is an unknown value
R8 =0x000001c200012d78 is at code_begin+24 in an Interpreter codelet
result handlers for native calls  [0x000001c200012d60, 0x000001c200012d80]  32 bytes
R9 =0x00000000f93aa000 is an oop
[J 
 - klass: {type array long}
 - length: 0
R10=0x00000000f93aab60 is an oop
[J 
 - klass: {type array long}
 - length: 3
R11=0x0000000000000000 is an unknown value
R12=0x000001c2777741c0 is an unknown value
R13=0x00000064281e6660 is pointing into the stack for thread: 0x000001c274b52800
R14=0x000001c2751db7f0 is an unknown value
R15=0x0000000000000000 is an unknown value


Stack: [0x0000006428000000,0x00000064281f0000],  sp=0x00000064281e6330,  free space=1944k
Native frames: (J=compiled Java code, j=interpreted, Vv=VM code, C=native code)
C  [KERNELBASE.dll+0x34fd9]
C  [VCRUNTIME140.dll+0x6220]
C  0x00007ffc6e1dbc3f
C  0x00007ffc6e1cae2b
C  0x000001c200019f4e

Java frames: (J=compiled Java code, j=interpreted, Vv=VM code)
j  org.jpype.manager.TypeFactoryNative.newWrapper(JJ)V+0
j  org.jpype.JPypeContext.newWrapper(J)V+16
v  ~StubRoutines::call_stub
j  org.jpype.manager.TypeFactoryNative.newWrapper(JJ)V+0
j  org.jpype.JPypeContext.newWrapper(J)V+16
v  ~StubRoutines::call_stub
j  org.jpype.manager.TypeFactoryNative.newWrapper(JJ)V+0
j  org.jpype.JPypeContext.newWrapper(J)V+16
v  ~StubRoutines::call_stub
j  org.jpype.manager.TypeFactoryNative.newWrapper(JJ)V+0
j  org.jpype.JPypeContext.newWrapper(J)V+16
v  ~StubRoutines::call_stub

---------------  P R O C E S S  ---------------

Java Threads: ( => current thread )
  0x000001c27518a800 JavaThread "Python Reference Queue" daemon [_thread_blocked, id=15860, stack(0x000000642c640000,0x000000642c830000)]
  0x000001c2750b8800 JavaThread "Service Thread" daemon [_thread_blocked, id=8324, stack(0x000000642c260000,0x000000642c450000)]
  0x000001c274800000 JavaThread "C1 CompilerThread2" daemon [_thread_blocked, id=10360, stack(0x000000642c070000,0x000000642c260000)]
  0x000001c274804800 JavaThread "C2 CompilerThread1" daemon [_thread_blocked, id=8400, stack(0x000000642be80000,0x000000642c070000)]
  0x000001c2747fd800 JavaThread "C2 CompilerThread0" daemon [_thread_in_native, id=14572, stack(0x000000642bc90000,0x000000642be80000)]
  0x000001c274e2c000 JavaThread "Attach Listener" daemon [_thread_blocked, id=13088, stack(0x000000642baa0000,0x000000642bc90000)]
  0x000001c274e27800 JavaThread "Signal Dispatcher" daemon [_thread_blocked, id=13888, stack(0x000000642b8b0000,0x000000642baa0000)]
  0x000001c274dcc800 JavaThread "Finalizer" daemon [_thread_blocked, id=7960, stack(0x000000642b6c0000,0x000000642b8b0000)]
  0x000001c274dbd800 JavaThread "Reference Handler" daemon [_thread_blocked, id=13300, stack(0x000000642b4d0000,0x000000642b6c0000)]
=>0x000001c274b52800 JavaThread "main" [_thread_in_native, id=15456, stack(0x0000006428000000,0x00000064281f0000)]

Other Threads:
  0x000001c274dbb000 VMThread [stack: 0x000000642b2e0000,0x000000642b4d0000] [id=19216]
  0x000001c274fce000 WatcherThread [stack: 0x000000642c450000,0x000000642c640000] [id=5304]

VM state:not at safepoint (normal execution)

VM Mutex/Monitor currently owned by a thread: None

heap address: 0x00000000c0000000, size: 1024 MB, Compressed Oops mode: 32-bit
Narrow klass base: 0x0000000000000000, Narrow klass shift: 3
Compressed class space size: 1073741824 Address: 0x0000000100000000

Heap:
 PSYoungGen      total 272896K, used 244815K [0x00000000eab00000, 0x00000000fc000000, 0x0000000100000000)
  eden space 262144K, 93% used [0x00000000eab00000,0x00000000f9a13c30,0x00000000fab00000)
  from space 10752K, 0% used [0x00000000fab00000,0x00000000fab00000,0x00000000fb580000)
  to   space 10752K, 0% used [0x00000000fb580000,0x00000000fb580000,0x00000000fc000000)
 ParOldGen       total 175104K, used 55783K [0x00000000c0000000, 0x00000000cab00000, 0x00000000eab00000)
  object space 175104K, 31% used [0x00000000c0000000,0x00000000c3679cd8,0x00000000cab00000)
 Metaspace       used 13595K, capacity 14238K, committed 14336K, reserved 1060864K
  class space    used 2048K, capacity 2214K, committed 2304K, reserved 1048576K

Card table byte_map: [0x000001c279500000,0x000001c279710000] byte_map_base: 0x000001c278f00000

Marking Bits: (ParMarkBitMap*) 0x00000000653d7fe0
 Begin Bits: [0x000001c27a030000, 0x000001c27b030000)
 End Bits:   [0x000001c27b030000, 0x000001c27c030000)

Polling page: 0x000001c278da0000

CodeCache: size=245760Kb used=7664Kb max_used=7678Kb free=238095Kb
 bounds [0x000001c200000000, 0x000001c200790000, 0x000001c20f000000]
 total_blobs=2777 nmethods=2406 adapters=282
 compilation: enabled

Compilation events (10 events):
Event: 5.431 Thread 0x000001c274800000 2391       1       java.lang.invoke.InnerClassLambdaMetafactory::access$400 (5 bytes)
Event: 5.431 Thread 0x000001c274800000 nmethod 2391 0x000001c20075a650 code [0x000001c20075a7a0, 0x000001c20075a898]
Event: 5.433 Thread 0x000001c274800000 2392       3       java.util.regex.Pattern$GroupHead::match (47 bytes)
Event: 5.434 Thread 0x000001c274800000 nmethod 2392 0x000001c200755050 code [0x000001c2007551c0, 0x000001c200755470]
Event: 5.434 Thread 0x000001c274800000 2393       3       java.lang.invoke.LambdaFormEditor$Transform::<init> (17 bytes)
Event: 5.434 Thread 0x000001c274800000 nmethod 2393 0x000001c200767e50 code [0x000001c200767fc0, 0x000001c200768338]
Event: 5.434 Thread 0x000001c274800000 2394       3       java.lang.invoke.TypeConvertingMethodAdapter::convertType (299 bytes)
Event: 5.434 Thread 0x000001c274804800 2397       4       scala.collection.IndexedSeqOptimized::isEmpty$ (5 bytes)
Event: 5.435 Thread 0x000001c274804800 nmethod 2397 0x000001c20075a350 code [0x000001c20075a4a0, 0x000001c20075a578]
Event: 5.436 Thread 0x000001c274804800 2404       4       java.lang.Class$MethodArray::removeByNameAndDescriptor (42 bytes)

GC Heap History (10 events):
Event: 4.579 GC heap before
{Heap before GC invocations=26 (full 11):
 PSYoungGen      total 141824K, used 131072K [0x00000000eab00000, 0x00000000f4000000, 0x0000000100000000)
  eden space 131072K, 100% used [0x00000000eab00000,0x00000000f2b00000,0x00000000f2b00000)
  from space 10752K, 0% used [0x00000000f3580000,0x00000000f3580000,0x00000000f4000000)
  to   space 10752K, 0% used [0x00000000f2b00000,0x00000000f2b00000,0x00000000f3580000)
 ParOldGen       total 175104K, used 26757K [0x00000000c0000000, 0x00000000cab00000, 0x00000000eab00000)
  object space 175104K, 15% used [0x00000000c0000000,0x00000000c1a214d8,0x00000000cab00000)
 Metaspace       used 13307K, capacity 13880K, committed 13952K, reserved 1060864K
  class space    used 1995K, capacity 2142K, committed 2176K, reserved 1048576K
Event: 4.601 GC heap after
Heap after GC invocations=26 (full 11):
 PSYoungGen      total 141824K, used 10720K [0x00000000eab00000, 0x00000000fc000000, 0x0000000100000000)
  eden space 131072K, 0% used [0x00000000eab00000,0x00000000eab00000,0x00000000f2b00000)
  from space 10752K, 99% used [0x00000000f2b00000,0x00000000f3578028,0x00000000f3580000)
  to   space 10752K, 0% used [0x00000000fb580000,0x00000000fb580000,0x00000000fc000000)
 ParOldGen       total 175104K, used 38976K [0x00000000c0000000, 0x00000000cab00000, 0x00000000eab00000)
  object space 175104K, 22% used [0x00000000c0000000,0x00000000c26101e0,0x00000000cab00000)
 Metaspace       used 13307K, capacity 13880K, committed 13952K, reserved 1060864K
  class space    used 1995K, capacity 2142K, committed 2176K, reserved 1048576K
}
Event: 4.640 GC heap before
{Heap before GC invocations=27 (full 11):
 PSYoungGen      total 141824K, used 52255K [0x00000000eab00000, 0x00000000fc000000, 0x0000000100000000)
  eden space 131072K, 31% used [0x00000000eab00000,0x00000000ed38fc70,0x00000000f2b00000)
  from space 10752K, 99% used [0x00000000f2b00000,0x00000000f3578028,0x00000000f3580000)
  to   space 10752K, 0% used [0x00000000fb580000,0x00000000fb580000,0x00000000fc000000)
 ParOldGen       total 175104K, used 38976K [0x00000000c0000000, 0x00000000cab00000, 0x00000000eab00000)
  object space 175104K, 22% used [0x00000000c0000000,0x00000000c26101e0,0x00000000cab00000)
 Metaspace       used 13307K, capacity 13880K, committed 13952K, reserved 1060864K
  class space    used 1995K, capacity 2142K, committed 2176K, reserved 1048576K
Event: 4.653 GC heap after
Heap after GC invocations=27 (full 11):
 PSYoungGen      total 272896K, used 10720K [0x00000000eab00000, 0x00000000fc000000, 0x0000000100000000)
  eden space 262144K, 0% used [0x00000000eab00000,0x00000000eab00000,0x00000000fab00000)
  from space 10752K, 99% used [0x00000000fb580000,0x00000000fbff8028,0x00000000fc000000)
  to   space 10752K, 0% used [0x00000000fab00000,0x00000000fab00000,0x00000000fb580000)
 ParOldGen       total 175104K, used 44232K [0x00000000c0000000, 0x00000000cab00000, 0x00000000eab00000)
  object space 175104K, 25% used [0x00000000c0000000,0x00000000c2b321e0,0x00000000cab00000)
 Metaspace       used 13307K, capacity 13880K, committed 13952K, reserved 1060864K
  class space    used 1995K, capacity 2142K, committed 2176K, reserved 1048576K
}
Event: 4.653 GC heap before
{Heap before GC invocations=28 (full 12):
 PSYoungGen      total 272896K, used 10720K [0x00000000eab00000, 0x00000000fc000000, 0x0000000100000000)
  eden space 262144K, 0% used [0x00000000eab00000,0x00000000eab00000,0x00000000fab00000)
  from space 10752K, 99% used [0x00000000fb580000,0x00000000fbff8028,0x00000000fc000000)
  to   space 10752K, 0% used [0x00000000fab00000,0x00000000fab00000,0x00000000fb580000)
 ParOldGen       total 175104K, used 44232K [0x00000000c0000000, 0x00000000cab00000, 0x00000000eab00000)
  object space 175104K, 25% used [0x00000000c0000000,0x00000000c2b321e0,0x00000000cab00000)
 Metaspace       used 13307K, capacity 13880K, committed 13952K, reserved 1060864K
  class space    used 1995K, capacity 2142K, committed 2176K, reserved 1048576K
Event: 4.834 GC heap after
Heap after GC invocations=28 (full 12):
 PSYoungGen      total 272896K, used 0K [0x00000000eab00000, 0x00000000fc000000, 0x0000000100000000)
  eden space 262144K, 0% used [0x00000000eab00000,0x00000000eab00000,0x00000000fab00000)
  from space 10752K, 0% used [0x00000000fb580000,0x00000000fb580000,0x00000000fc000000)
  to   space 10752K, 0% used [0x00000000fab00000,0x00000000fab00000,0x00000000fb580000)
 ParOldGen       total 175104K, used 53285K [0x00000000c0000000, 0x00000000cab00000, 0x00000000eab00000)
  object space 175104K, 30% used [0x00000000c0000000,0x00000000c34095b8,0x00000000cab00000)
 Metaspace       used 13307K, capacity 13880K, committed 13952K, reserved 1060864K
  class space    used 1995K, capacity 2142K, committed 2176K, reserved 1048576K
}
Event: 4.877 GC heap before
{Heap before GC invocations=29 (full 12):
 PSYoungGen      total 272896K, used 26280K [0x00000000eab00000, 0x00000000fc000000, 0x0000000100000000)
  eden space 262144K, 10% used [0x00000000eab00000,0x00000000ec4aa360,0x00000000fab00000)
  from space 10752K, 0% used [0x00000000fb580000,0x00000000fb580000,0x00000000fc000000)
  to   space 10752K, 0% used [0x00000000fab00000,0x00000000fab00000,0x00000000fb580000)
 ParOldGen       total 175104K, used 53285K [0x00000000c0000000, 0x00000000cab00000, 0x00000000eab00000)
  object space 175104K, 30% used [0x00000000c0000000,0x00000000c34095b8,0x00000000cab00000)
 Metaspace       used 13362K, capacity 13920K, committed 14080K, reserved 1060864K
  class space    used 2029K, capacity 2177K, committed 2304K, reserved 1048576K
Event: 4.880 GC heap after
Heap after GC invocations=29 (full 12):
 PSYoungGen      total 272896K, used 2784K [0x00000000eab00000, 0x00000000fc000000, 0x0000000100000000)
  eden space 262144K, 0% used [0x00000000eab00000,0x00000000eab00000,0x00000000fab00000)
  from space 10752K, 25% used [0x00000000fab00000,0x00000000fadb8000,0x00000000fb580000)
  to   space 10752K, 0% used [0x00000000fb580000,0x00000000fb580000,0x00000000fc000000)
 ParOldGen       total 175104K, used 53285K [0x00000000c0000000, 0x00000000cab00000, 0x00000000eab00000)
  object space 175104K, 30% used [0x00000000c0000000,0x00000000c34095b8,0x00000000cab00000)
 Metaspace       used 13362K, capacity 13920K, committed 14080K, reserved 1060864K
  class space    used 2029K, capacity 2177K, committed 2304K, reserved 1048576K
}
Event: 4.880 GC heap before
{Heap before GC invocations=30 (full 13):
 PSYoungGen      total 272896K, used 2784K [0x00000000eab00000, 0x00000000fc000000, 0x0000000100000000)
  eden space 262144K, 0% used [0x00000000eab00000,0x00000000eab00000,0x00000000fab00000)
  from space 10752K, 25% used [0x00000000fab00000,0x00000000fadb8000,0x00000000fb580000)
  to   space 10752K, 0% used [0x00000000fb580000,0x00000000fb580000,0x00000000fc000000)
 ParOldGen       total 175104K, used 53285K [0x00000000c0000000, 0x00000000cab00000, 0x00000000eab00000)
  object space 175104K, 30% used [0x00000000c0000000,0x00000000c34095b8,0x00000000cab00000)
 Metaspace       used 13362K, capacity 13920K, committed 14080K, reserved 1060864K
  class space    used 2029K, capacity 2177K, committed 2304K, reserved 1048576K
Event: 5.107 GC heap after
Heap after GC invocations=30 (full 13):
 PSYoungGen      total 272896K, used 0K [0x00000000eab00000, 0x00000000fc000000, 0x0000000100000000)
  eden space 262144K, 0% used [0x00000000eab00000,0x00000000eab00000,0x00000000fab00000)
  from space 10752K, 0% used [0x00000000fab00000,0x00000000fab00000,0x00000000fb580000)
  to   space 10752K, 0% used [0x00000000fb580000,0x00000000fb580000,0x00000000fc000000)
 ParOldGen       total 175104K, used 55783K [0x00000000c0000000, 0x00000000cab00000, 0x00000000eab00000)
  object space 175104K, 31% used [0x00000000c0000000,0x00000000c3679cd8,0x00000000cab00000)
 Metaspace       used 13362K, capacity 13920K, committed 14080K, reserved 1060864K
  class space    used 2029K, capacity 2177K, committed 2304K, reserved 1048576K
}

Deoptimization events (10 events):
Event: 5.109 Thread 0x000001c274b52800 Uncommon trap: reason=bimorphic action=maybe_recompile pc=0x000001c2007412f8 method=scala.collection.immutable.HashMap$HashTrieMap.updated0(Ljava/lang/Object;IILjava/lang/Object;Lscala/Tuple2;Lscala/collection/immutable/HashMap$Merger;)Lscala/collection/i
Event: 5.109 Thread 0x000001c274b52800 Uncommon trap: reason=bimorphic action=maybe_recompile pc=0x000001c2007412f8 method=scala.collection.immutable.HashMap$HashTrieMap.updated0(Ljava/lang/Object;IILjava/lang/Object;Lscala/Tuple2;Lscala/collection/immutable/HashMap$Merger;)Lscala/collection/i
Event: 5.110 Thread 0x000001c274b52800 Uncommon trap: reason=bimorphic action=maybe_recompile pc=0x000001c2007413d4 method=scala.collection.immutable.HashMap$HashTrieMap.updated0(Ljava/lang/Object;IILjava/lang/Object;Lscala/Tuple2;Lscala/collection/immutable/HashMap$Merger;)Lscala/collection/i
Event: 5.110 Thread 0x000001c274b52800 Uncommon trap: reason=bimorphic action=maybe_recompile pc=0x000001c2007412f8 method=scala.collection.immutable.HashMap$HashTrieMap.updated0(Ljava/lang/Object;IILjava/lang/Object;Lscala/Tuple2;Lscala/collection/immutable/HashMap$Merger;)Lscala/collection/i
Event: 5.293 Thread 0x000001c274b52800 Uncommon trap: reason=class_check action=maybe_recompile pc=0x000001c20074d99c method=scala.collection.mutable.MapBuilder.$plus$eq(Lscala/Tuple2;)Lscala/collection/mutable/MapBuilder; @ 6
Event: 5.293 Thread 0x000001c274b52800 Uncommon trap: reason=class_check action=maybe_recompile pc=0x000001c20074d99c method=scala.collection.mutable.MapBuilder.$plus$eq(Lscala/Tuple2;)Lscala/collection/mutable/MapBuilder; @ 6
Event: 5.293 Thread 0x000001c274b52800 Uncommon trap: reason=class_check action=maybe_recompile pc=0x000001c20074d99c method=scala.collection.mutable.MapBuilder.$plus$eq(Lscala/Tuple2;)Lscala/collection/mutable/MapBuilder; @ 6
Event: 5.295 Thread 0x000001c274b52800 Uncommon trap: reason=class_check action=maybe_recompile pc=0x000001c20074d99c method=scala.collection.mutable.MapBuilder.$plus$eq(Lscala/Tuple2;)Lscala/collection/mutable/MapBuilder; @ 6
Event: 5.295 Thread 0x000001c274b52800 Uncommon trap: reason=class_check action=maybe_recompile pc=0x000001c200748728 method=scala.collection.mutable.MapBuilder.$plus$eq(Lscala/Tuple2;)Lscala/collection/mutable/MapBuilder; @ 6
Event: 5.408 Thread 0x000001c274b52800 Uncommon trap: reason=unstable_if action=reinterpret pc=0x000001c2004ea7d0 method=scala.collection.immutable.HashMap$HashTrieMap.get0(Ljava/lang/Object;II)Lscala/Option; @ 13

Classes redefined (0 events):
No events

Internal exceptions (10 events):
Event: 4.319 Thread 0x000001c274b52800 Exception <a 'java/lang/NoSuchMethodError': java.lang.Object.$anonfun$sorted$1$adapted([Ljava/lang/Object;Lscala/runtime/IntRef;Ljava/lang/Object;)Ljava/lang/Object;> (0x00000000ebbcfee8) thrown at [C:\jenkins\workspace\8-2-build-windows-amd64-cygwin\jdk8
Event: 4.320 Thread 0x000001c274b52800 Exception <a 'java/lang/NoSuchMethodError': java.lang.Object.$anonfun$count$1$adapted(Lscala/Function1;Lscala/runtime/IntRef;Ljava/lang/Object;)Ljava/lang/Object;> (0x00000000ebbd93b0) thrown at [C:\jenkins\workspace\8-2-build-windows-amd64-cygwin\jdk8u29
Event: 4.340 Thread 0x000001c274b52800 Exception <a 'java/lang/NoSuchMethodError': java.lang.Object.$anonfun$sliding$1(Lscala/collection/IterableLike;Lscala/collection/Seq;)Ljava/lang/Object;> (0x00000000ebd82c70) thrown at [C:\jenkins\workspace\8-2-build-windows-amd64-cygwin\jdk8u291\1294\hot
Event: 4.345 Thread 0x000001c274b52800 Exception <a 'java/lang/NoSuchMethodError': java.lang.Object.$anonfun$sum$1(Lscala/math/Numeric;Ljava/lang/Object;Ljava/lang/Object;)Ljava/lang/Object;> (0x00000000ebdc8df8) thrown at [C:\jenkins\workspace\8-2-build-windows-amd64-cygwin\jdk8u291\1294\hots
Event: 4.422 Thread 0x000001c274b52800 Exception <a 'java/lang/NoSuchMethodError': java.lang.Object.$anonfun$distinct$1(Lscala/collection/mutable/Builder;Lscala/collection/mutable/HashSet;Ljava/lang/Object;)Ljava/lang/Object;> (0x00000000ee167bf8) thrown at [C:\jenkins\workspace\8-2-build-wind
Event: 4.440 Thread 0x000001c274b52800 Exception <a 'java/lang/NoSuchMethodError': java.lang.Object.$anonfun$releaseVersion$1$adapted(Ljava/lang/String;)Ljava/lang/Object;> (0x00000000ee218600) thrown at [C:\jenkins\workspace\8-2-build-windows-amd64-cygwin\jdk8u291\1294\hotspot\src\share\vm\in
Event: 4.441 Thread 0x000001c274b52800 Exception <a 'java/lang/NoSuchMethodError': java.lang.Object.$anonfun$releaseVersion$2(Ljava/lang/String;)Ljava/lang/String;> (0x00000000ee2229e8) thrown at [C:\jenkins\workspace\8-2-build-windows-amd64-cygwin\jdk8u291\1294\hotspot\src\share\vm\interprete
Event: 4.442 Thread 0x000001c274b52800 Exception <a 'java/lang/NoSuchMethodError': java.lang.Object.$anonfun$developmentVersion$1$adapted(Ljava/lang/String;)Ljava/lang/Object;> (0x00000000ee226b80) thrown at [C:\jenkins\workspace\8-2-build-windows-amd64-cygwin\jdk8u291\1294\hotspot\src\share\v
Event: 4.442 Thread 0x000001c274b52800 Exception <a 'java/lang/NoSuchMethodError': java.lang.Object.$anonfun$developmentVersion$2(Lscala/util/PropertiesTrait;Ljava/lang/String;)Lscala/Option;> (0x00000000ee22a948) thrown at [C:\jenkins\workspace\8-2-build-windows-amd64-cygwin\jdk8u291\1294\hot
Event: 5.433 Thread 0x000001c274b52800 Exception <a 'java/lang/NoSuchMethodError': java.lang.Object.$anonfun$filterImpl$1(Lscala/Function1;ZLscala/collection/mutable/Builder;Ljava/lang/Object;)Ljava/lang/Object;> (0x00000000f935d430) thrown at [C:\jenkins\workspace\8-2-build-windows-amd64-cygw

Events (10 events):
Event: 5.431 loading class scala/collection/mutable/ArrayOps$ofRef$
Event: 5.431 loading class scala/collection/mutable/ArrayOps$ofRef$ done
Event: 5.432 loading class scala/reflect/ClassTag$
Event: 5.432 loading class scala/reflect/ClassTag$ done
Event: 5.432 loading class scala/reflect/ClassTag$GenericClassTag
Event: 5.433 loading class scala/reflect/ClassTag$GenericClassTag done
Event: 5.433 loading class scala/Function1
Event: 5.433 loading class scala/Function1 done
Event: 5.433 loading class scala/Function1
Event: 5.433 loading class scala/Function1 done


Dynamic libraries:
0x00007ff745ae0000 - 0x00007ff745afc000 	C:\Users\admin\anaconda3\python.exe
0x00007ffc804f0000 - 0x00007ffc806e8000 	C:\Windows\SYSTEM32\ntdll.dll
0x00007ffc7f040000 - 0x00007ffc7f0fd000 	C:\Windows\System32\KERNEL32.DLL
0x00007ffc7e150000 - 0x00007ffc7e41e000 	C:\Windows\System32\KERNELBASE.dll
0x00007ffc7e020000 - 0x00007ffc7e120000 	C:\Windows\System32\ucrtbase.dll
0x00007ffc314c0000 - 0x00007ffc31936000 	C:\Users\admin\anaconda3\python39.dll
0x00007ffc59670000 - 0x00007ffc59689000 	C:\Users\admin\anaconda3\VCRUNTIME140.dll
0x00007ffc7f680000 - 0x00007ffc7f6eb000 	C:\Windows\System32\WS2_32.dll
0x00007ffc80340000 - 0x00007ffc80465000 	C:\Windows\System32\RPCRT4.dll
0x00007ffc7e550000 - 0x00007ffc7e5fe000 	C:\Windows\System32\ADVAPI32.dll
0x00007ffc7e9a0000 - 0x00007ffc7ea3e000 	C:\Windows\System32\msvcrt.dll
0x00007ffc79400000 - 0x00007ffc7940a000 	C:\Windows\SYSTEM32\VERSION.dll
0x00007ffc7e600000 - 0x00007ffc7e69c000 	C:\Windows\System32\sechost.dll
0x00007ffc7d500000 - 0x00007ffc7d518000 	C:\Windows\SYSTEM32\CRYPTSP.dll
0x00007ffc7cc80000 - 0x00007ffc7ccb4000 	C:\Windows\system32\rsaenh.dll
0x00007ffc7e120000 - 0x00007ffc7e147000 	C:\Windows\System32\bcrypt.dll
0x00007ffc7d4f0000 - 0x00007ffc7d4fc000 	C:\Windows\SYSTEM32\CRYPTBASE.dll
0x00007ffc7def0000 - 0x00007ffc7df72000 	C:\Windows\System32\bcryptPrimitives.dll
0x00007ffc77820000 - 0x00007ffc7782f000 	C:\Users\admin\anaconda3\python3.DLL
0x00007ffc503a0000 - 0x00007ffc503b6000 	C:\Users\admin\anaconda3\DLLs\_socket.pyd
0x00007ffc7cff0000 - 0x00007ffc7d02b000 	C:\Windows\SYSTEM32\IPHLPAPI.DLL
0x00007ffc6c460000 - 0x00007ffc6c46a000 	C:\Users\admin\anaconda3\DLLs\select.pyd
0x00007ffc59600000 - 0x00007ffc59617000 	C:\Users\admin\anaconda3\DLLs\_bz2.pyd
0x00007ffc50700000 - 0x00007ffc5072a000 	C:\Users\admin\anaconda3\DLLs\_lzma.pyd
0x00007ffc457e0000 - 0x00007ffc45882000 	C:\Users\admin\anaconda3\lib\site-packages\zmq\libzmq.cp39-win_amd64.pyd
0x00007ffc75350000 - 0x00007ffc753dd000 	C:\Windows\SYSTEM32\MSVCP140.dll
0x00007ffc758a0000 - 0x00007ffc758ac000 	C:\Windows\SYSTEM32\VCRUNTIME140_1.dll
0x00007ffc457c0000 - 0x00007ffc457d5000 	C:\Users\admin\anaconda3\lib\site-packages\zmq\backend\cython\constants.cp39-win_amd64.pyd
0x00007ffc66520000 - 0x00007ffc6652c000 	C:\Users\admin\anaconda3\lib\site-packages\zmq\backend\cython\error.cp39-win_amd64.pyd
0x00007ffc457a0000 - 0x00007ffc457b9000 	C:\Users\admin\anaconda3\lib\site-packages\zmq\backend\cython\message.cp39-win_amd64.pyd
0x00007ffc45780000 - 0x00007ffc45794000 	C:\Users\admin\anaconda3\lib\site-packages\zmq\backend\cython\context.cp39-win_amd64.pyd
0x00007ffc45750000 - 0x00007ffc45774000 	C:\Users\admin\anaconda3\lib\site-packages\zmq\backend\cython\socket.cp39-win_amd64.pyd
0x00007ffc65d70000 - 0x00007ffc65d7e000 	C:\Users\admin\anaconda3\lib\site-packages\zmq\backend\cython\utils.cp39-win_amd64.pyd
0x00007ffc45730000 - 0x00007ffc45744000 	C:\Users\admin\anaconda3\lib\site-packages\zmq\backend\cython\_poll.cp39-win_amd64.pyd
0x00007ffc65790000 - 0x00007ffc6579c000 	C:\Users\admin\anaconda3\lib\site-packages\zmq\backend\cython\_version.cp39-win_amd64.pyd
0x00007ffc45710000 - 0x00007ffc45722000 	C:\Users\admin\anaconda3\lib\site-packages\zmq\backend\cython\_device.cp39-win_amd64.pyd
0x00007ffc61f80000 - 0x00007ffc61f90000 	C:\Users\admin\anaconda3\lib\site-packages\zmq\backend\cython\_proxy_steerable.cp39-win_amd64.pyd
0x00007ffc461f0000 - 0x00007ffc46217000 	C:\Users\admin\anaconda3\DLLs\_ssl.pyd
0x00007ffc7dd90000 - 0x00007ffc7dee6000 	C:\Windows\System32\CRYPT32.dll
0x00007ffc2b2d0000 - 0x00007ffc2b61c000 	C:\Users\admin\anaconda3\Library\bin\libcrypto-1_1-x64.dll
0x00007ffc31410000 - 0x00007ffc314bc000 	C:\Users\admin\anaconda3\Library\bin\libssl-1_1-x64.dll
0x00007ffc7e770000 - 0x00007ffc7e910000 	C:\Windows\System32\USER32.dll
0x00007ffc7e420000 - 0x00007ffc7e442000 	C:\Windows\System32\win32u.dll
0x00007ffc80470000 - 0x00007ffc8049a000 	C:\Windows\System32\GDI32.dll
0x00007ffc7dc80000 - 0x00007ffc7dd8b000 	C:\Windows\System32\gdi32full.dll
0x00007ffc7df80000 - 0x00007ffc7e01d000 	C:\Windows\System32\msvcp_win.dll
0x00007ffc7ef30000 - 0x00007ffc7ef60000 	C:\Windows\System32\IMM32.DLL
0x00007ffc48500000 - 0x00007ffc48512000 	C:\Users\admin\anaconda3\DLLs\_asyncio.pyd
0x00007ffc678a0000 - 0x00007ffc678ad000 	C:\Users\admin\anaconda3\DLLs\_overlapped.pyd
0x00007ffc7d300000 - 0x00007ffc7d36a000 	C:\Windows\system32\mswsock.dll
0x00007ffc68370000 - 0x00007ffc68379000 	C:\Users\admin\anaconda3\DLLs\_queue.pyd
0x00007ffc6c640000 - 0x00007ffc6c648000 	C:\Users\admin\anaconda3\DLLs\_uuid.pyd
0x00007ffc682a0000 - 0x00007ffc682a7000 	C:\Users\admin\anaconda3\lib\site-packages\tornado\speedups.cp39-win_amd64.pyd
0x00007ffc59650000 - 0x00007ffc59670000 	C:\Users\admin\anaconda3\DLLs\_ctypes.pyd
0x00007ffc7f830000 - 0x00007ffc7f95a000 	C:\Windows\System32\ole32.dll
0x00007ffc7ea40000 - 0x00007ffc7ed94000 	C:\Windows\System32\combase.dll
0x00007ffc7e6a0000 - 0x00007ffc7e76d000 	C:\Windows\System32\OLEAUT32.dll
0x00007ffc74810000 - 0x00007ffc7481b000 	C:\Users\admin\anaconda3\DLLs\libffi-7.dll
0x00007ffc455a0000 - 0x00007ffc455e3000 	C:\Users\admin\anaconda3\DLLs\_decimal.pyd
0x00007ffc7f960000 - 0x00007ffc800a4000 	C:\Windows\System32\shell32.DLL
0x00007ffc55f00000 - 0x00007ffc55f11000 	C:\Users\admin\anaconda3\DLLs\_hashlib.pyd
0x00007ffc456f0000 - 0x00007ffc45708000 	C:\Users\admin\anaconda3\DLLs\_sqlite3.pyd
0x00007ffc327f0000 - 0x00007ffc32955000 	C:\Users\admin\anaconda3\Library\bin\sqlite3.dll
0x00007ffc312f0000 - 0x00007ffc31404000 	C:\Users\admin\anaconda3\DLLs\unicodedata.pyd
0x00007ffc45510000 - 0x00007ffc45527000 	C:\Users\admin\anaconda3\lib\site-packages\psutil\_psutil_windows.cp39-win_amd64.pyd
0x00007ffc7eec0000 - 0x00007ffc7eec8000 	C:\Windows\System32\PSAPI.DLL
0x00007ffc7d9d0000 - 0x00007ffc7da1b000 	C:\Windows\SYSTEM32\POWRPROF.dll
0x00007ffc66ce0000 - 0x00007ffc66d29000 	C:\Windows\SYSTEM32\pdh.dll
0x00007ffc7d9b0000 - 0x00007ffc7d9c2000 	C:\Windows\SYSTEM32\UMPDC.dll
0x00007ffc79410000 - 0x00007ffc79424000 	C:\Windows\SYSTEM32\wtsapi32.dll
0x00007ffc312b0000 - 0x00007ffc312e3000 	C:\Users\admin\anaconda3\DLLs\pyexpat.pyd
0x00007ffc45570000 - 0x00007ffc45593000 	C:\Users\admin\anaconda3\lib\site-packages\win32\win32api.pyd
0x00007ffc59620000 - 0x00007ffc59645000 	C:\Users\admin\anaconda3\Library\bin\pywintypes39.dll
0x00007ffc75d50000 - 0x00007ffc75d5c000 	C:\Windows\SYSTEM32\secur32.dll
0x00007ffc7dad0000 - 0x00007ffc7db02000 	C:\Windows\SYSTEM32\SSPICLI.DLL
0x00007ffc74610000 - 0x00007ffc74617000 	C:\Users\admin\anaconda3\lib\site-packages\win32\_win32sysloader.pyd
0x00007ffc2b240000 - 0x00007ffc2b2d0000 	C:\Users\admin\anaconda3\Library\bin\pythoncom39.dll
0x00007ffc7ba50000 - 0x00007ffc7ba62000 	C:\Windows\SYSTEM32\kernel.appcore.dll
0x00007ffc7b650000 - 0x00007ffc7b6ee000 	C:\Windows\system32\uxtheme.dll
0x00007ffc749d0000 - 0x00007ffc74bbc000 	C:\Windows\SYSTEM32\urlmon.dll
0x00007ffc73ae0000 - 0x00007ffc73d91000 	C:\Windows\SYSTEM32\iertutil.dll
0x00007ffc7d100000 - 0x00007ffc7d10c000 	C:\Windows\SYSTEM32\netutils.dll
0x00007ffc74370000 - 0x00007ffc74398000 	C:\Windows\SYSTEM32\srvcli.dll
0x00007ffc800e0000 - 0x00007ffc8018d000 	C:\Windows\System32\shcore.dll
0x00007ffc41280000 - 0x00007ffc412db000 	C:\Users\admin\anaconda3\lib\site-packages\debugpy\_vendored\pydevd\_pydevd_bundle\pydevd_cython.cp39-win_amd64.pyd
0x00007ffc65ad0000 - 0x00007ffc65ad7000 	C:\Windows\system32\wshunix.dll
0x00007ffc804a0000 - 0x00007ffc804a8000 	C:\Windows\System32\NSI.dll
0x00007ffc78780000 - 0x00007ffc78797000 	C:\Windows\SYSTEM32\dhcpcsvc6.DLL
0x00007ffc78760000 - 0x00007ffc7877d000 	C:\Windows\SYSTEM32\dhcpcsvc.DLL
0x00007ffc7d030000 - 0x00007ffc7d0fb000 	C:\Windows\SYSTEM32\DNSAPI.dll
0x00007ffc61110000 - 0x00007ffc61135000 	C:\Users\admin\anaconda3\lib\site-packages\win32\win32security.pyd
0x00007ffc75330000 - 0x00007ffc7534a000 	C:\Windows\SYSTEM32\NETAPI32.dll
0x000001c273910000 - 0x000001c273913000 	C:\Windows\SYSTEM32\security.dll
0x00007ffc598e0000 - 0x00007ffc5990a000 	C:\Windows\SYSTEM32\ntdsapi.dll
0x00007ffc7d110000 - 0x00007ffc7d154000 	C:\Windows\SYSTEM32\LOGONCLI.DLL
0x00007ffc77640000 - 0x00007ffc77647000 	C:\Users\admin\anaconda3\lib\site-packages\mkl\_mklinit.cp39-win_amd64.pyd
0x00007ffc29ea0000 - 0x00007ffc2b239000 	C:\Users\admin\anaconda3\Library\bin\mkl_rt.1.dll
0x00007ffc77620000 - 0x00007ffc7763f000 	C:\Users\admin\anaconda3\lib\site-packages\mkl\_py_mkl_service.cp39-win_amd64.pyd
0x00007ffc29ba0000 - 0x00007ffc29e94000 	C:\Users\admin\anaconda3\lib\site-packages\numpy\core\_multiarray_umath.cp39-win_amd64.pyd
0x00007ffc77600000 - 0x00007ffc77620000 	C:\Users\admin\anaconda3\lib\site-packages\numpy\core\_multiarray_tests.cp39-win_amd64.pyd
0x00007ffc775f0000 - 0x00007ffc775f9000 	C:\Users\admin\anaconda3\lib\site-packages\numpy\linalg\lapack_lite.cp39-win_amd64.pyd
0x00007ffc6feb0000 - 0x00007ffc6feda000 	C:\Users\admin\anaconda3\lib\site-packages\numpy\linalg\_umath_linalg.cp39-win_amd64.pyd
0x00007ffc6fe90000 - 0x00007ffc6feb0000 	C:\Users\admin\anaconda3\lib\site-packages\numpy\fft\_pocketfft_internal.cp39-win_amd64.pyd
0x00007ffc6fdf0000 - 0x00007ffc6fe84000 	C:\Users\admin\anaconda3\lib\site-packages\numpy\random\mtrand.cp39-win_amd64.pyd
0x00007ffc6fdc0000 - 0x00007ffc6fde9000 	C:\Users\admin\anaconda3\lib\site-packages\numpy\random\bit_generator.cp39-win_amd64.pyd
0x00007ffc6fd80000 - 0x00007ffc6fdb1000 	C:\Users\admin\anaconda3\lib\site-packages\numpy\random\_common.cp39-win_amd64.pyd
0x00007ffc6fd30000 - 0x00007ffc6fd72000 	C:\Users\admin\anaconda3\lib\site-packages\numpy\random\_bounded_integers.cp39-win_amd64.pyd
0x00007ffc6fd10000 - 0x00007ffc6fd28000 	C:\Users\admin\anaconda3\lib\site-packages\numpy\random\_mt19937.cp39-win_amd64.pyd
0x00007ffc6fcf0000 - 0x00007ffc6fd07000 	C:\Users\admin\anaconda3\lib\site-packages\numpy\random\_philox.cp39-win_amd64.pyd
0x00007ffc6fcd0000 - 0x00007ffc6fce9000 	C:\Users\admin\anaconda3\lib\site-packages\numpy\random\_pcg64.cp39-win_amd64.pyd
0x00007ffc45640000 - 0x00007ffc45652000 	C:\Users\admin\anaconda3\lib\site-packages\numpy\random\_sfc64.cp39-win_amd64.pyd
0x00007ffc326b0000 - 0x00007ffc3275d000 	C:\Users\admin\anaconda3\lib\site-packages\numpy\random\_generator.cp39-win_amd64.pyd
0x00007ffc14c50000 - 0x00007ffc1809a000 	C:\Users\admin\anaconda3\Library\bin\mkl_intel_thread.1.dll
0x00007ffc10180000 - 0x00007ffc14c4e000 	C:\Users\admin\anaconda3\Library\bin\mkl_core.1.dll
0x00007ffc0d800000 - 0x00007ffc10175000 	C:\Users\admin\anaconda3\Library\bin\mkl_avx2.1.dll
0x00007ffc28cc0000 - 0x00007ffc29b9b000 	C:\Users\admin\anaconda3\Library\bin\mkl_vml_avx2.1.dll
0x00007ffc264e0000 - 0x00007ffc265bd000 	C:\Users\admin\anaconda3\lib\site-packages\pandas\_libs\interval.cp39-win_amd64.pyd
0x00007ffc263d0000 - 0x00007ffc264e0000 	C:\Users\admin\anaconda3\lib\site-packages\pandas\_libs\hashtable.cp39-win_amd64.pyd
0x00007ffc26f00000 - 0x00007ffc26f27000 	C:\Users\admin\anaconda3\lib\site-packages\pandas\_libs\missing.cp39-win_amd64.pyd
0x00007ffc28280000 - 0x00007ffc2829c000 	C:\Users\admin\anaconda3\lib\site-packages\pandas\_libs\tslibs\dtypes.cp39-win_amd64.pyd
0x00007ffc26390000 - 0x00007ffc263c4000 	C:\Users\admin\anaconda3\lib\site-packages\pandas\_libs\tslibs\conversion.cp39-win_amd64.pyd
0x00007ffc63e40000 - 0x00007ffc63e4d000 	C:\Users\admin\anaconda3\lib\site-packages\pandas\_libs\tslibs\base.cp39-win_amd64.pyd
0x00007ffc26360000 - 0x00007ffc2638d000 	C:\Users\admin\anaconda3\lib\site-packages\pandas\_libs\tslibs\nattype.cp39-win_amd64.pyd
0x00007ffc61bd0000 - 0x00007ffc61bdd000 	C:\Users\admin\anaconda3\lib\site-packages\pandas\_libs\tslibs\np_datetime.cp39-win_amd64.pyd
0x00007ffc26330000 - 0x00007ffc2635d000 	C:\Users\admin\anaconda3\lib\site-packages\pandas\_libs\tslibs\timezones.cp39-win_amd64.pyd
0x000001c275910000 - 0x000001c275913000 	C:\Windows\SYSTEM32\tzres.dll
0x00007ffc262f0000 - 0x00007ffc26323000 	C:\Users\admin\anaconda3\lib\site-packages\pandas\_libs\tslibs\tzconversion.cp39-win_amd64.pyd
0x00007ffc61100000 - 0x00007ffc61110000 	C:\Users\admin\anaconda3\lib\site-packages\pandas\_libs\tslibs\ccalendar.cp39-win_amd64.pyd

VM Arguments:
jvm_args: -Dfile.encoding=UTF8 -ea -Xmx1024m 
java_command: <unknown>
java_class_path (initial): C:\Users\admin\anaconda3\Lib\site-packages\konlpy\java;C:\Users\admin\anaconda3\Lib\site-packages\konlpy\java\bin;C:\Users\admin\anaconda3\Lib\site-packages\konlpy\java\aho-corasick.jar;C:\Users\admin\anaconda3\Lib\site-packages\konlpy\java\jhannanum-0.8.4.jar;C:\Users\admin\anaconda3\Lib\site-packages\konlpy\java\kkma-2.0.jar;C:\Users\admin\anaconda3\Lib\site-packages\konlpy\java\komoran-3.0.jar;C:\Users\admin\anaconda3\Lib\site-packages\konlpy\java\open-korean-text-2.1.0.jar;C:\Users\admin\anaconda3\Lib\site-packages\konlpy\java\scala-library-2.12.3.jar;C:\Users\admin\anaconda3\Lib\site-packages\konlpy\java\shineware-common-1.0.jar;C:\Users\admin\anaconda3\Lib\site-packages\konlpy\java\shineware-ds-1.0.jar;C:\Users\admin\anaconda3\Lib\site-packages\konlpy\java\snakeyaml-1.12.jar;C:\Users\admin\anaconda3\Lib\site-packages\konlpy\java\twitter-text-1.14.7.jar;C:\Users\admin\anaconda3\Lib\site-packages\konlpy\java\jhannanum-0.8.4.jar;C:\Users\admin\anaconda3\Lib\site-packages\konlpy\java\kkma-2.0.jar;C:\Users\admin\anaconda3\Lib\site-packages\konlpy\java\aho-corasick.jar;C:\Users\admin\anaconda3\Lib\site-packages\konlpy\java\shineware-common-1.0.jar;C:\Users\admin\anaconda3\Lib\site-packages\konlpy\java\shineware-ds-1.0.jar;C:\Users\admin\anaconda3\Lib\site-packages\konlpy\java\komoran-3.0.jar;C:\Users\admin\anaconda3\Lib\site-packages\konlpy\java\snakeyaml-1.12.jar;C:\Users\admin\anaconda3\Lib\site-packages\konlpy\java\scala-library-2.12.3.jar;C:\Users\admin\anaconda3\Lib\site-packages\konlpy\java\open-korean-text-2.1.0.jar;C:\Users\admin\anaconda3\Lib\site-packages\konlpy\java\twitter-text-1.14.7.jar;C:\Users\admin\anaconda3\Lib\site-packages\konlpy\java\aho-corasick.jar;C:\Users\admin\anaconda3\Lib\site-packages\konlpy\java\jhannanum-0.8.4.jar;C:\Users\admin\anaconda3\Lib\site-packages\konlpy\java\kkma-2.0.jar;C:\Users\admin\anaconda3\Lib\site-packages\konlpy\java\komoran-3.0.jar;C:\Users\admin\anaconda3\Lib\site-packages\konlpy\java\op
Launcher Type: generic

Environment Variables:
JAVA_HOME=C:\Program Files\Java\jdk1.8.0_291
PATH=C:\Users\admin\anaconda3;C:\Users\admin\anaconda3\Library\mingw-w64\bin;C:\Users\admin\anaconda3\Library\usr\bin;C:\Users\admin\anaconda3\Library\bin;C:\Users\admin\anaconda3\Scripts;C:\Program Files\Common Files\Oracle\Java\javapath;C:\oraclexe\app\oracle\product\11.2.0\server\bin;C:\Program Files (x86)\Common Files\Oracle\Java\javapath;C:\Windows\system32;C:\Windows;C:\Windows\System32\Wbem;C:\Windows\System32\WindowsPowerShell\v1.0\;C:\Windows\System32\OpenSSH\;C:\Program Files\Java\jdk1.8.0_291\bin;C:\Program Files\nodejs\;C:\Program Files\Git\cmd;C:\Program Files\MongoDB\Server\5.0\bin;C:\Program Files\MongoDB\Tools\100\bin;C:\Program Files\Graphviz\bin\dot.exe;C:\Users\admin\anaconda3;C:\Users\admin\anaconda3\Library\mingw-w64\bin;C:\Users\admin\anaconda3\Library\usr\bin;C:\Users\admin\anaconda3\Library\bin;C:\Users\admin\anaconda3\Scripts;C:\Program Files\MySQL\MySQL Shell 8.0\bin\;C:\Users\admin\AppData\Local\Microsoft\WindowsApps;C:\Users\admin\AppData\Local\Programs\Microsoft VS Code\bin;C:\ProgramData\admin\GitHubDesktop\bin;C:\Users\admin\AppData\Local\GitHubDesktop\bin;C:\Users\admin\AppData\Roaming\npm;C:\Program Files\Graphviz\bin;
USERNAME=admin
OS=Windows_NT
PROCESSOR_IDENTIFIER=Intel64 Family 6 Model 158 Stepping 9, GenuineIntel



---------------  S Y S T E M  ---------------

OS: Windows 10.0 , 64 bit Build 19041 (10.0.19041.1806)

CPU:total 4 (initial active 4) (4 cores per cpu, 1 threads per core) family 6 model 158 stepping 9, cmov, cx8, fxsr, mmx, sse, sse2, sse3, ssse3, sse4.1, sse4.2, popcnt, avx, avx2, aes, clmul, erms, 3dnowpref, lzcnt, tsc, tscinvbit, bmi1, bmi2, adx

Memory: 4k page, physical 16655012k(8837100k free), swap 21373604k(10646964k free)

vm_info: Java HotSpot(TM) 64-Bit Server VM (25.291-b10) for windows-amd64 JRE (1.8.0_291-b10), built on Apr  9 2021 00:02:00 by "java_re" with MS VC++ 15.9 (VS2017)

time: Tue Aug  9 15:39:34 2022
timezone: 대한민국 표준시
elapsed time: 5.612178 seconds (0d 0h 0m 5s)

